<?xml version="1.0" encoding="UTF-8"?>
<!-- Generated by org.testng.reporters.JUnitReportReporter -->
<testsuite hostname="DESKTOP-OJ7HGSR" failures="0" tests="5" name="TestCases" time="10.739" errors="0" timestamp="2023-05-05T15:43:12 EET" skipped="3">
  <testcase classname="TestCases" name="test2" time="4.227"/>
  <system-out/>
  <testcase classname="TestCases" name="test5" time="6.512"/>
  <system-out/>
  <testcase classname="TestCases" name="test4">
    <skipped/>
  </testcase> <!-- test4 -->
  <system-out/>
  <testcase classname="TestCases" name="test1">
    <skipped/>
  </testcase> <!-- test1 -->
  <system-out/>
  <testcase classname="TestCases" name="test3">
    <skipped/>
  </testcase> <!-- test3 -->
  <system-out/>
</testsuite> <!-- TestCases -->
